<?xml version="1.0" encoding="UTF-8"?>
<!-- Generated by org.testng.reporters.JUnitReportReporter -->
<testsuite skipped="0" hostname="Amol-PC" name="com.qa.hubspot.tests.HomePageTest" tests="3" failures="0" timestamp="18 Jun 2019 07:47:16 GMT" time="87.753" errors="0">
  <testcase name="verifyHomePageTitle" time="32.252" classname="com.qa.hubspot.tests.HomePageTest"/>
  <testcase name="verifyHomePageHeaderTest" time="34.172" classname="com.qa.hubspot.tests.HomePageTest"/>
  <testcase name="verifyLoggedAccountNameTest" time="21.329" classname="com.qa.hubspot.tests.HomePageTest"/>
</testsuite> <!-- com.qa.hubspot.tests.HomePageTest -->
