<?xml version="1.0" encoding="UTF-8"?>
<!-- Generated by org.testng.reporters.JUnitReportReporter -->
<testsuite skipped="0" hostname="Amol-PC" name="com.qa.hubspot.tests.LoginPageTest" tests="3" failures="0" timestamp="18 Jun 2019 07:47:16 GMT" time="58.058" errors="0">
  <testcase name="verifyLoginPageTitleTest" time="16.915" classname="com.qa.hubspot.tests.LoginPageTest"/>
  <testcase name="verifySignupLinkTest" time="16.619" classname="com.qa.hubspot.tests.LoginPageTest"/>
  <testcase name="hubspotLoginTest" time="24.524" classname="com.qa.hubspot.tests.LoginPageTest"/>
</testsuite> <!-- com.qa.hubspot.tests.LoginPageTest -->
