<?xml version="1.0" encoding="UTF-8"?>
<!-- Generated by org.testng.reporters.JUnitReportReporter -->
<testsuite skipped="0" hostname="Amol-PC" name="com.qa.hubspot.tests.LoginPageTest" tests="3" failures="0" timestamp="26 Aug 2019 07:06:06 GMT" time="53.647" errors="0">
  <testcase name="verifyLoginPageTitleTest" time="18.770" classname="com.qa.hubspot.tests.LoginPageTest"/>
  <testcase name="verifySignupLinkTest" time="17.839" classname="com.qa.hubspot.tests.LoginPageTest"/>
  <testcase name="hubspotLoginTest" time="17.038" classname="com.qa.hubspot.tests.LoginPageTest"/>
</testsuite> <!-- com.qa.hubspot.tests.LoginPageTest -->
