<?xml version="1.0" encoding="UTF-8"?>
<!-- Generated by org.testng.reporters.JUnitReportReporter -->
<testsuite skipped="0" hostname="Amol-PC" name="com.qa.hubspot.tests.LoginPageTest" tests="3" failures="0" timestamp="12 Aug 2019 14:29:16 GMT" time="44.469" errors="0">
  <testcase name="verifyLoginPageTitleTest" time="13.760" classname="com.qa.hubspot.tests.LoginPageTest"/>
  <testcase name="verifySignupLinkTest" time="13.831" classname="com.qa.hubspot.tests.LoginPageTest"/>
  <testcase name="hubspotLoginTest" time="16.878" classname="com.qa.hubspot.tests.LoginPageTest"/>
</testsuite> <!-- com.qa.hubspot.tests.LoginPageTest -->
