<?xml version="1.0" encoding="UTF-8"?>
<!-- Generated by org.testng.reporters.JUnitReportReporter -->
<testsuite skipped="1" hostname="Amol-PC" name="com.qa.hubspot.tests.ContactsPageTest" tests="6" failures="0" timestamp="18 Jun 2019 07:47:16 GMT" time="196.437" errors="0">
  <testcase name="createNewContactTest" time="38.019" classname="com.qa.hubspot.tests.ContactsPageTest"/>
  <testcase name="createNewContactTest" time="42.945" classname="com.qa.hubspot.tests.ContactsPageTest"/>
  <testcase name="createNewContactTest" time="35.572" classname="com.qa.hubspot.tests.ContactsPageTest"/>
  <testcase name="createNewContactTest" time="38.170" classname="com.qa.hubspot.tests.ContactsPageTest"/>
  <testcase name="createNewContactTest" time="41.731" classname="com.qa.hubspot.tests.ContactsPageTest"/>
  <testcase name="isContactsPageHeaderPresentTest" classname="com.qa.hubspot.tests.ContactsPageTest">
    <skipped/>
  </testcase> <!-- isContactsPageHeaderPresentTest -->
</testsuite> <!-- com.qa.hubspot.tests.ContactsPageTest -->
